Determining size of ssize_t failed with the following output:
Change Dir: D:/obs/build5/CMakeFiles/CMakeTmp

Run Build Command:"C:/Program Files (x86)/MSBuild/12.0/bin/MSBuild.exe" "cmTryCompileExec2491552338.vcxproj" "/p:Configuration=Debug" "/p:VisualStudioVersion=12.0"
Microsoft (R) Build Engine version 12.0.30723.0
[Microsoft .NET Framework, version 4.0.30319.34014]
Copyright (C) Microsoft Corporation. All rights reserved.

Build started 11/23/2014 4:39:14 AM.
Project "D:\obs\build5\CMakeFiles\CMakeTmp\cmTryCompileExec2491552338.vcxproj" on node 1 (default targets).
PrepareForBuild:
  Creating directory "cmTryCompileExec2491552338.dir\Debug\".
  Creating directory "D:\obs\build5\CMakeFiles\CMakeTmp\Debug\".
  Creating directory "cmTryCompileExec2491552338.dir\Debug\cmTryCom.6DE5C296.tlog\".
InitializeBuildStatus:
  Creating "cmTryCompileExec2491552338.dir\Debug\cmTryCom.6DE5C296.tlog\unsuccessfulbuild" because "AlwaysCreate" was specified.
ClCompile:
  C:\Program Files (x86)\Microsoft Visual Studio 12.0\VC\bin\x86_amd64\CL.exe /c /Zi /W3 /WX- /Od /Ob0 /D WIN32 /D _WINDOWS /D _DEBUG /D "CMAKE_INTDIR=\"Debug\"" /D _MBCS /Gm- /RTC1 /MDd /GS /fp:precise /Zc:wchar_t /Zc:forScope /Fo"cmTryCompileExec2491552338.dir\Debug\\" /Fd"cmTryCompileExec2491552338.dir\Debug\vc120.pdb" /Gd /TC /errorReport:queue D:\obs\build5\CMakeFiles\CheckTypeSize\SSIZE_T.c
  Microsoft (R) C/C++ Optimizing Compiler Version 18.00.30723 for x64
  Copyright (C) Microsoft Corporation.  All rights reserved.
  
  cl /c /Zi /W3 /WX- /Od /Ob0 /D WIN32 /D _WINDOWS /D _DEBUG /D "CMAKE_INTDIR=\"Debug\"" /D _MBCS /Gm- /RTC1 /MDd /GS /fp:precise /Zc:wchar_t /Zc:forScope /Fo"cmTryCompileExec2491552338.dir\Debug\\" /Fd"cmTryCompileExec2491552338.dir\Debug\vc120.pdb" /Gd /TC /errorReport:queue D:\obs\build5\CMakeFiles\CheckTypeSize\SSIZE_T.c
  SSIZE_T.c
  
D:\obs\build5\CMakeFiles\CheckTypeSize\SSIZE_T.c(19): error C2065: 'ssize_t' : undeclared identifier [D:\obs\build5\CMakeFiles\CMakeTmp\cmTryCompileExec2491552338.vcxproj]
D:\obs\build5\CMakeFiles\CheckTypeSize\SSIZE_T.c(20): error C2065: 'ssize_t' : undeclared identifier [D:\obs\build5\CMakeFiles\CMakeTmp\cmTryCompileExec2491552338.vcxproj]
D:\obs\build5\CMakeFiles\CheckTypeSize\SSIZE_T.c(21): error C2065: 'ssize_t' : undeclared identifier [D:\obs\build5\CMakeFiles\CMakeTmp\cmTryCompileExec2491552338.vcxproj]
D:\obs\build5\CMakeFiles\CheckTypeSize\SSIZE_T.c(22): error C2065: 'ssize_t' : undeclared identifier [D:\obs\build5\CMakeFiles\CMakeTmp\cmTryCompileExec2491552338.vcxproj]
D:\obs\build5\CMakeFiles\CheckTypeSize\SSIZE_T.c(23): error C2065: 'ssize_t' : undeclared identifier [D:\obs\build5\CMakeFiles\CMakeTmp\cmTryCompileExec2491552338.vcxproj]
Done Building Project "D:\obs\build5\CMakeFiles\CMakeTmp\cmTryCompileExec2491552338.vcxproj" (default targets) -- FAILED.

Build FAILED.

"D:\obs\build5\CMakeFiles\CMakeTmp\cmTryCompileExec2491552338.vcxproj" (default target) (1) ->
(ClCompile target) -> 
  D:\obs\build5\CMakeFiles\CheckTypeSize\SSIZE_T.c(19): error C2065: 'ssize_t' : undeclared identifier [D:\obs\build5\CMakeFiles\CMakeTmp\cmTryCompileExec2491552338.vcxproj]
  D:\obs\build5\CMakeFiles\CheckTypeSize\SSIZE_T.c(20): error C2065: 'ssize_t' : undeclared identifier [D:\obs\build5\CMakeFiles\CMakeTmp\cmTryCompileExec2491552338.vcxproj]
  D:\obs\build5\CMakeFiles\CheckTypeSize\SSIZE_T.c(21): error C2065: 'ssize_t' : undeclared identifier [D:\obs\build5\CMakeFiles\CMakeTmp\cmTryCompileExec2491552338.vcxproj]
  D:\obs\build5\CMakeFiles\CheckTypeSize\SSIZE_T.c(22): error C2065: 'ssize_t' : undeclared identifier [D:\obs\build5\CMakeFiles\CMakeTmp\cmTryCompileExec2491552338.vcxproj]
  D:\obs\build5\CMakeFiles\CheckTypeSize\SSIZE_T.c(23): error C2065: 'ssize_t' : undeclared identifier [D:\obs\build5\CMakeFiles\CMakeTmp\cmTryCompileExec2491552338.vcxproj]

    0 Warning(s)
    5 Error(s)

Time Elapsed 00:00:00.70

D:/obs/build5/CMakeFiles/CheckTypeSize/SSIZE_T.c:
#include <sys/types.h>
#include <stdint.h>
#include <stddef.h>


#undef KEY
#if defined(__i386)
# define KEY '_','_','i','3','8','6'
#elif defined(__x86_64)
# define KEY '_','_','x','8','6','_','6','4'
#elif defined(__ppc__)
# define KEY '_','_','p','p','c','_','_'
#elif defined(__ppc64__)
# define KEY '_','_','p','p','c','6','4','_','_'
#endif

#define SIZE (sizeof(ssize_t))
char info_size[] =  {'I', 'N', 'F', 'O', ':', 's','i','z','e','[',
  ('0' + ((SIZE / 10000)%10)),
  ('0' + ((SIZE / 1000)%10)),
  ('0' + ((SIZE / 100)%10)),
  ('0' + ((SIZE / 10)%10)),
  ('0' +  (SIZE    % 10)),
  ']',
#ifdef KEY
  ' ','k','e','y','[', KEY, ']',
#endif
  '\0'};

#ifdef __CLASSIC_C__
int main(argc, argv) int argc; char *argv[];
#else
int main(int argc, char *argv[])
#endif
{
  int require = 0;
  require += info_size[argc];
  (void)argv;
  return require;
}


Determining size of SSIZE_T failed with the following output:
Change Dir: D:/obs/build5/CMakeFiles/CMakeTmp

Run Build Command:"C:/Program Files (x86)/MSBuild/12.0/bin/MSBuild.exe" "cmTryCompileExec1941156518.vcxproj" "/p:Configuration=Debug" "/p:VisualStudioVersion=12.0"
Microsoft (R) Build Engine version 12.0.30723.0
[Microsoft .NET Framework, version 4.0.30319.34014]
Copyright (C) Microsoft Corporation. All rights reserved.

Build started 11/23/2014 4:39:15 AM.
Project "D:\obs\build5\CMakeFiles\CMakeTmp\cmTryCompileExec1941156518.vcxproj" on node 1 (default targets).
PrepareForBuild:
  Creating directory "cmTryCompileExec1941156518.dir\Debug\".
  Creating directory "D:\obs\build5\CMakeFiles\CMakeTmp\Debug\".
  Creating directory "cmTryCompileExec1941156518.dir\Debug\cmTryCom.F3719F2F.tlog\".
InitializeBuildStatus:
  Creating "cmTryCompileExec1941156518.dir\Debug\cmTryCom.F3719F2F.tlog\unsuccessfulbuild" because "AlwaysCreate" was specified.
ClCompile:
  C:\Program Files (x86)\Microsoft Visual Studio 12.0\VC\bin\x86_amd64\CL.exe /c /Zi /W3 /WX- /Od /Ob0 /D WIN32 /D _WINDOWS /D _DEBUG /D "CMAKE_INTDIR=\"Debug\"" /D _MBCS /Gm- /RTC1 /MDd /GS /fp:precise /Zc:wchar_t /Zc:forScope /Fo"cmTryCompileExec1941156518.dir\Debug\\" /Fd"cmTryCompileExec1941156518.dir\Debug\vc120.pdb" /Gd /TC /errorReport:queue D:\obs\build5\CMakeFiles\CheckTypeSize\UPPERCASE_SSIZE_T.c
  Microsoft (R) C/C++ Optimizing Compiler Version 18.00.30723 for x64
  Copyright (C) Microsoft Corporation.  All rights reserved.
  
  cl /c /Zi /W3 /WX- /Od /Ob0 /D WIN32 /D _WINDOWS /D _DEBUG /D "CMAKE_INTDIR=\"Debug\"" /D _MBCS /Gm- /RTC1 /MDd /GS /fp:precise /Zc:wchar_t /Zc:forScope /Fo"cmTryCompileExec1941156518.dir\Debug\\" /Fd"cmTryCompileExec1941156518.dir\Debug\vc120.pdb" /Gd /TC /errorReport:queue D:\obs\build5\CMakeFiles\CheckTypeSize\UPPERCASE_SSIZE_T.c
  UPPERCASE_SSIZE_T.c
  
D:\obs\build5\CMakeFiles\CheckTypeSize\UPPERCASE_SSIZE_T.c(19): error C2065: 'SSIZE_T' : undeclared identifier [D:\obs\build5\CMakeFiles\CMakeTmp\cmTryCompileExec1941156518.vcxproj]
D:\obs\build5\CMakeFiles\CheckTypeSize\UPPERCASE_SSIZE_T.c(20): error C2065: 'SSIZE_T' : undeclared identifier [D:\obs\build5\CMakeFiles\CMakeTmp\cmTryCompileExec1941156518.vcxproj]
D:\obs\build5\CMakeFiles\CheckTypeSize\UPPERCASE_SSIZE_T.c(21): error C2065: 'SSIZE_T' : undeclared identifier [D:\obs\build5\CMakeFiles\CMakeTmp\cmTryCompileExec1941156518.vcxproj]
D:\obs\build5\CMakeFiles\CheckTypeSize\UPPERCASE_SSIZE_T.c(22): error C2065: 'SSIZE_T' : undeclared identifier [D:\obs\build5\CMakeFiles\CMakeTmp\cmTryCompileExec1941156518.vcxproj]
D:\obs\build5\CMakeFiles\CheckTypeSize\UPPERCASE_SSIZE_T.c(23): error C2065: 'SSIZE_T' : undeclared identifier [D:\obs\build5\CMakeFiles\CMakeTmp\cmTryCompileExec1941156518.vcxproj]
Done Building Project "D:\obs\build5\CMakeFiles\CMakeTmp\cmTryCompileExec1941156518.vcxproj" (default targets) -- FAILED.

Build FAILED.

"D:\obs\build5\CMakeFiles\CMakeTmp\cmTryCompileExec1941156518.vcxproj" (default target) (1) ->
(ClCompile target) -> 
  D:\obs\build5\CMakeFiles\CheckTypeSize\UPPERCASE_SSIZE_T.c(19): error C2065: 'SSIZE_T' : undeclared identifier [D:\obs\build5\CMakeFiles\CMakeTmp\cmTryCompileExec1941156518.vcxproj]
  D:\obs\build5\CMakeFiles\CheckTypeSize\UPPERCASE_SSIZE_T.c(20): error C2065: 'SSIZE_T' : undeclared identifier [D:\obs\build5\CMakeFiles\CMakeTmp\cmTryCompileExec1941156518.vcxproj]
  D:\obs\build5\CMakeFiles\CheckTypeSize\UPPERCASE_SSIZE_T.c(21): error C2065: 'SSIZE_T' : undeclared identifier [D:\obs\build5\CMakeFiles\CMakeTmp\cmTryCompileExec1941156518.vcxproj]
  D:\obs\build5\CMakeFiles\CheckTypeSize\UPPERCASE_SSIZE_T.c(22): error C2065: 'SSIZE_T' : undeclared identifier [D:\obs\build5\CMakeFiles\CMakeTmp\cmTryCompileExec1941156518.vcxproj]
  D:\obs\build5\CMakeFiles\CheckTypeSize\UPPERCASE_SSIZE_T.c(23): error C2065: 'SSIZE_T' : undeclared identifier [D:\obs\build5\CMakeFiles\CMakeTmp\cmTryCompileExec1941156518.vcxproj]

    0 Warning(s)
    5 Error(s)

Time Elapsed 00:00:00.64

D:/obs/build5/CMakeFiles/CheckTypeSize/UPPERCASE_SSIZE_T.c:
#include <sys/types.h>
#include <stdint.h>
#include <stddef.h>


#undef KEY
#if defined(__i386)
# define KEY '_','_','i','3','8','6'
#elif defined(__x86_64)
# define KEY '_','_','x','8','6','_','6','4'
#elif defined(__ppc__)
# define KEY '_','_','p','p','c','_','_'
#elif defined(__ppc64__)
# define KEY '_','_','p','p','c','6','4','_','_'
#endif

#define SIZE (sizeof(SSIZE_T))
char info_size[] =  {'I', 'N', 'F', 'O', ':', 's','i','z','e','[',
  ('0' + ((SIZE / 10000)%10)),
  ('0' + ((SIZE / 1000)%10)),
  ('0' + ((SIZE / 100)%10)),
  ('0' + ((SIZE / 10)%10)),
  ('0' +  (SIZE    % 10)),
  ']',
#ifdef KEY
  ' ','k','e','y','[', KEY, ']',
#endif
  '\0'};

#ifdef __CLASSIC_C__
int main(argc, argv) int argc; char *argv[];
#else
int main(int argc, char *argv[])
#endif
{
  int require = 0;
  require += info_size[argc];
  (void)argv;
  return require;
}


Determining if the function strtoq exists failed with the following output:
Change Dir: D:/obs/build5/CMakeFiles/CMakeTmp

Run Build Command:"C:/Program Files (x86)/MSBuild/12.0/bin/MSBuild.exe" "cmTryCompileExec1240750774.vcxproj" "/p:Configuration=Debug" "/p:VisualStudioVersion=12.0"
Microsoft (R) Build Engine version 12.0.30723.0
[Microsoft .NET Framework, version 4.0.30319.34014]
Copyright (C) Microsoft Corporation. All rights reserved.

Build started 11/23/2014 4:39:16 AM.
Project "D:\obs\build5\CMakeFiles\CMakeTmp\cmTryCompileExec1240750774.vcxproj" on node 1 (default targets).
PrepareForBuild:
  Creating directory "cmTryCompileExec1240750774.dir\Debug\".
  Creating directory "D:\obs\build5\CMakeFiles\CMakeTmp\Debug\".
  Creating directory "cmTryCompileExec1240750774.dir\Debug\cmTryCom.4E4C1C68.tlog\".
InitializeBuildStatus:
  Creating "cmTryCompileExec1240750774.dir\Debug\cmTryCom.4E4C1C68.tlog\unsuccessfulbuild" because "AlwaysCreate" was specified.
ClCompile:
  C:\Program Files (x86)\Microsoft Visual Studio 12.0\VC\bin\x86_amd64\CL.exe /c /Zi /W3 /WX- /Od /Ob0 /D WIN32 /D _WINDOWS /D CHECK_FUNCTION_EXISTS=strtoq /D _DEBUG /D "CMAKE_INTDIR=\"Debug\"" /D _MBCS /Gm- /RTC1 /MDd /GS /fp:precise /Zc:wchar_t /Zc:forScope /Fo"cmTryCompileExec1240750774.dir\Debug\\" /Fd"cmTryCompileExec1240750774.dir\Debug\vc120.pdb" /Gd /TC /errorReport:queue "C:\Program Files (x86)\CMake\share\cmake-3.1\Modules\CheckFunctionExists.c"
  Microsoft (R) C/C++ Optimizing Compiler Version 18.00.30723 for x64
  Copyright (C) Microsoft Corporation.  All rights reserved.
  
  cl /c /Zi /W3 /WX- /Od /Ob0 /D WIN32 /D _WINDOWS /D CHECK_FUNCTION_EXISTS=strtoq /D _DEBUG /D "CMAKE_INTDIR=\"Debug\"" /D _MBCS /Gm- /RTC1 /MDd /GS /fp:precise /Zc:wchar_t /Zc:forScope /Fo"cmTryCompileExec1240750774.dir\Debug\\" /Fd"cmTryCompileExec1240750774.dir\Debug\vc120.pdb" /Gd /TC /errorReport:queue "C:\Program Files (x86)\CMake\share\cmake-3.1\Modules\CheckFunctionExists.c"
  CheckFunctionExists.c
  
Link:
  C:\Program Files (x86)\Microsoft Visual Studio 12.0\VC\bin\x86_amd64\link.exe /ERRORREPORT:QUEUE /OUT:"D:\obs\build5\CMakeFiles\CMakeTmp\Debug\cmTryCompileExec1240750774.exe" /INCREMENTAL /NOLOGO kernel32.lib user32.lib gdi32.lib winspool.lib shell32.lib ole32.lib oleaut32.lib uuid.lib comdlg32.lib advapi32.lib /MANIFEST /MANIFESTUAC:"level='asInvoker' uiAccess='false'" /manifest:embed /DEBUG /PDB:"D:/obs/build5/CMakeFiles/CMakeTmp/Debug/cmTryCompileExec1240750774.pdb" /SUBSYSTEM:CONSOLE /TLBID:1 /DYNAMICBASE /NXCOMPAT /IMPLIB:"D:/obs/build5/CMakeFiles/CMakeTmp/Debug/cmTryCompileExec1240750774.lib" /MACHINE:X64  /machine:x64 /debug cmTryCompileExec1240750774.dir\Debug\CheckFunctionExists.obj
CheckFunctionExists.obj : error LNK2019: unresolved external symbol strtoq referenced in function main [D:\obs\build5\CMakeFiles\CMakeTmp\cmTryCompileExec1240750774.vcxproj]
D:\obs\build5\CMakeFiles\CMakeTmp\Debug\cmTryCompileExec1240750774.exe : fatal error LNK1120: 1 unresolved externals [D:\obs\build5\CMakeFiles\CMakeTmp\cmTryCompileExec1240750774.vcxproj]
Done Building Project "D:\obs\build5\CMakeFiles\CMakeTmp\cmTryCompileExec1240750774.vcxproj" (default targets) -- FAILED.

Build FAILED.

"D:\obs\build5\CMakeFiles\CMakeTmp\cmTryCompileExec1240750774.vcxproj" (default target) (1) ->
(Link target) -> 
  CheckFunctionExists.obj : error LNK2019: unresolved external symbol strtoq referenced in function main [D:\obs\build5\CMakeFiles\CMakeTmp\cmTryCompileExec1240750774.vcxproj]
  D:\obs\build5\CMakeFiles\CMakeTmp\Debug\cmTryCompileExec1240750774.exe : fatal error LNK1120: 1 unresolved externals [D:\obs\build5\CMakeFiles\CMakeTmp\cmTryCompileExec1240750774.vcxproj]

    0 Warning(s)
    2 Error(s)

Time Elapsed 00:00:00.86


Performing C SOURCE FILE Test HAVE_INLINE failed with the following output:
Change Dir: D:/obs/build5/CMakeFiles/CMakeTmp

Run Build Command:"C:/Program Files (x86)/MSBuild/12.0/bin/MSBuild.exe" "cmTryCompileExec3042134083.vcxproj" "/p:Configuration=Debug" "/p:VisualStudioVersion=12.0"
Microsoft (R) Build Engine version 12.0.30723.0
[Microsoft .NET Framework, version 4.0.30319.34014]
Copyright (C) Microsoft Corporation. All rights reserved.

Build started 11/23/2014 4:39:22 AM.
Project "D:\obs\build5\CMakeFiles\CMakeTmp\cmTryCompileExec3042134083.vcxproj" on node 1 (default targets).
PrepareForBuild:
  Creating directory "cmTryCompileExec3042134083.dir\Debug\".
  Creating directory "D:\obs\build5\CMakeFiles\CMakeTmp\Debug\".
  Creating directory "cmTryCompileExec3042134083.dir\Debug\cmTryCom.C085D783.tlog\".
InitializeBuildStatus:
  Creating "cmTryCompileExec3042134083.dir\Debug\cmTryCom.C085D783.tlog\unsuccessfulbuild" because "AlwaysCreate" was specified.
ClCompile:
  C:\Program Files (x86)\Microsoft Visual Studio 12.0\VC\bin\x86_amd64\CL.exe /c /Zi /W3 /WX- /Od /Ob0 /D WIN32 /D _WINDOWS /D HAVE_INLINE /D _DEBUG /D "CMAKE_INTDIR=\"Debug\"" /D _MBCS /Gm- /RTC1 /MDd /GS /fp:precise /Zc:wchar_t /Zc:forScope /Fo"cmTryCompileExec3042134083.dir\Debug\\" /Fd"cmTryCompileExec3042134083.dir\Debug\vc120.pdb" /Gd /TC /errorReport:queue D:\obs\build5\CMakeFiles\CMakeTmp\src.c
  Microsoft (R) C/C++ Optimizing Compiler Version 18.00.30723 for x64
  Copyright (C) Microsoft Corporation.  All rights reserved.
  
  cl /c /Zi /W3 /WX- /Od /Ob0 /D WIN32 /D _WINDOWS /D HAVE_INLINE /D _DEBUG /D "CMAKE_INTDIR=\"Debug\"" /D _MBCS /Gm- /RTC1 /MDd /GS /fp:precise /Zc:wchar_t /Zc:forScope /Fo"cmTryCompileExec3042134083.dir\Debug\\" /Fd"cmTryCompileExec3042134083.dir\Debug\vc120.pdb" /Gd /TC /errorReport:queue D:\obs\build5\CMakeFiles\CMakeTmp\src.c
  src.c
  
D:\obs\build5\CMakeFiles\CMakeTmp\src.c(1): error C2054: expected '(' to follow 'inline' [D:\obs\build5\CMakeFiles\CMakeTmp\cmTryCompileExec3042134083.vcxproj]
D:\obs\build5\CMakeFiles\CMakeTmp\src.c(1): error C2085: 'func' : not in formal parameter list [D:\obs\build5\CMakeFiles\CMakeTmp\cmTryCompileExec3042134083.vcxproj]
D:\obs\build5\CMakeFiles\CMakeTmp\src.c(1): error C2143: syntax error : missing ';' before '{' [D:\obs\build5\CMakeFiles\CMakeTmp\cmTryCompileExec3042134083.vcxproj]
D:\obs\build5\CMakeFiles\CMakeTmp\src.c(1): warning C4013: 'func' undefined; assuming extern returning int [D:\obs\build5\CMakeFiles\CMakeTmp\cmTryCompileExec3042134083.vcxproj]
Done Building Project "D:\obs\build5\CMakeFiles\CMakeTmp\cmTryCompileExec3042134083.vcxproj" (default targets) -- FAILED.

Build FAILED.

"D:\obs\build5\CMakeFiles\CMakeTmp\cmTryCompileExec3042134083.vcxproj" (default target) (1) ->
(ClCompile target) -> 
  D:\obs\build5\CMakeFiles\CMakeTmp\src.c(1): warning C4013: 'func' undefined; assuming extern returning int [D:\obs\build5\CMakeFiles\CMakeTmp\cmTryCompileExec3042134083.vcxproj]


"D:\obs\build5\CMakeFiles\CMakeTmp\cmTryCompileExec3042134083.vcxproj" (default target) (1) ->
(ClCompile target) -> 
  D:\obs\build5\CMakeFiles\CMakeTmp\src.c(1): error C2054: expected '(' to follow 'inline' [D:\obs\build5\CMakeFiles\CMakeTmp\cmTryCompileExec3042134083.vcxproj]
  D:\obs\build5\CMakeFiles\CMakeTmp\src.c(1): error C2085: 'func' : not in formal parameter list [D:\obs\build5\CMakeFiles\CMakeTmp\cmTryCompileExec3042134083.vcxproj]
  D:\obs\build5\CMakeFiles\CMakeTmp\src.c(1): error C2143: syntax error : missing ';' before '{' [D:\obs\build5\CMakeFiles\CMakeTmp\cmTryCompileExec3042134083.vcxproj]

    1 Warning(s)
    3 Error(s)

Time Elapsed 00:00:00.75

Source file was:
inline void func(); void func() { } int main() { func(); return 0; }
Performing C SOURCE FILE Test HAVE___INLINE__ failed with the following output:
Change Dir: D:/obs/build5/CMakeFiles/CMakeTmp

Run Build Command:"C:/Program Files (x86)/MSBuild/12.0/bin/MSBuild.exe" "cmTryCompileExec2015046807.vcxproj" "/p:Configuration=Debug" "/p:VisualStudioVersion=12.0"
Microsoft (R) Build Engine version 12.0.30723.0
[Microsoft .NET Framework, version 4.0.30319.34014]
Copyright (C) Microsoft Corporation. All rights reserved.

Build started 11/23/2014 4:39:24 AM.
Project "D:\obs\build5\CMakeFiles\CMakeTmp\cmTryCompileExec2015046807.vcxproj" on node 1 (default targets).
PrepareForBuild:
  Creating directory "cmTryCompileExec2015046807.dir\Debug\".
  Creating directory "D:\obs\build5\CMakeFiles\CMakeTmp\Debug\".
  Creating directory "cmTryCompileExec2015046807.dir\Debug\cmTryCom.9487C45F.tlog\".
InitializeBuildStatus:
  Creating "cmTryCompileExec2015046807.dir\Debug\cmTryCom.9487C45F.tlog\unsuccessfulbuild" because "AlwaysCreate" was specified.
ClCompile:
  C:\Program Files (x86)\Microsoft Visual Studio 12.0\VC\bin\x86_amd64\CL.exe /c /Zi /W3 /WX- /Od /Ob0 /D WIN32 /D _WINDOWS /D HAVE___INLINE__ /D _DEBUG /D "CMAKE_INTDIR=\"Debug\"" /D _MBCS /Gm- /RTC1 /MDd /GS /fp:precise /Zc:wchar_t /Zc:forScope /Fo"cmTryCompileExec2015046807.dir\Debug\\" /Fd"cmTryCompileExec2015046807.dir\Debug\vc120.pdb" /Gd /TC /errorReport:queue D:\obs\build5\CMakeFiles\CMakeTmp\src.c
  Microsoft (R) C/C++ Optimizing Compiler Version 18.00.30723 for x64
  Copyright (C) Microsoft Corporation.  All rights reserved.
  
  cl /c /Zi /W3 /WX- /Od /Ob0 /D WIN32 /D _WINDOWS /D HAVE___INLINE__ /D _DEBUG /D "CMAKE_INTDIR=\"Debug\"" /D _MBCS /Gm- /RTC1 /MDd /GS /fp:precise /Zc:wchar_t /Zc:forScope /Fo"cmTryCompileExec2015046807.dir\Debug\\" /Fd"cmTryCompileExec2015046807.dir\Debug\vc120.pdb" /Gd /TC /errorReport:queue D:\obs\build5\CMakeFiles\CMakeTmp\src.c
  
  src.c
D:\obs\build5\CMakeFiles\CMakeTmp\src.c(1): error C2054: expected '(' to follow '__inline__' [D:\obs\build5\CMakeFiles\CMakeTmp\cmTryCompileExec2015046807.vcxproj]
D:\obs\build5\CMakeFiles\CMakeTmp\src.c(1): error C2085: 'func' : not in formal parameter list [D:\obs\build5\CMakeFiles\CMakeTmp\cmTryCompileExec2015046807.vcxproj]
D:\obs\build5\CMakeFiles\CMakeTmp\src.c(1): error C2143: syntax error : missing ';' before '{' [D:\obs\build5\CMakeFiles\CMakeTmp\cmTryCompileExec2015046807.vcxproj]
D:\obs\build5\CMakeFiles\CMakeTmp\src.c(1): warning C4013: 'func' undefined; assuming extern returning int [D:\obs\build5\CMakeFiles\CMakeTmp\cmTryCompileExec2015046807.vcxproj]
Done Building Project "D:\obs\build5\CMakeFiles\CMakeTmp\cmTryCompileExec2015046807.vcxproj" (default targets) -- FAILED.

Build FAILED.

"D:\obs\build5\CMakeFiles\CMakeTmp\cmTryCompileExec2015046807.vcxproj" (default target) (1) ->
(ClCompile target) -> 
  D:\obs\build5\CMakeFiles\CMakeTmp\src.c(1): warning C4013: 'func' undefined; assuming extern returning int [D:\obs\build5\CMakeFiles\CMakeTmp\cmTryCompileExec2015046807.vcxproj]


"D:\obs\build5\CMakeFiles\CMakeTmp\cmTryCompileExec2015046807.vcxproj" (default target) (1) ->
(ClCompile target) -> 
  D:\obs\build5\CMakeFiles\CMakeTmp\src.c(1): error C2054: expected '(' to follow '__inline__' [D:\obs\build5\CMakeFiles\CMakeTmp\cmTryCompileExec2015046807.vcxproj]
  D:\obs\build5\CMakeFiles\CMakeTmp\src.c(1): error C2085: 'func' : not in formal parameter list [D:\obs\build5\CMakeFiles\CMakeTmp\cmTryCompileExec2015046807.vcxproj]
  D:\obs\build5\CMakeFiles\CMakeTmp\src.c(1): error C2143: syntax error : missing ';' before '{' [D:\obs\build5\CMakeFiles\CMakeTmp\cmTryCompileExec2015046807.vcxproj]

    1 Warning(s)
    3 Error(s)

Time Elapsed 00:00:00.64

Source file was:
__inline__ void func(); void func() { } int main() { func(); return 0; }
Determining if the function snprintf exists failed with the following output:
Change Dir: D:/obs/build5/CMakeFiles/CMakeTmp

Run Build Command:"C:/Program Files (x86)/MSBuild/12.0/bin/MSBuild.exe" "cmTryCompileExec3469921416.vcxproj" "/p:Configuration=Debug" "/p:VisualStudioVersion=12.0"
Microsoft (R) Build Engine version 12.0.30723.0
[Microsoft .NET Framework, version 4.0.30319.34014]
Copyright (C) Microsoft Corporation. All rights reserved.

Build started 11/23/2014 4:39:25 AM.
Project "D:\obs\build5\CMakeFiles\CMakeTmp\cmTryCompileExec3469921416.vcxproj" on node 1 (default targets).
PrepareForBuild:
  Creating directory "cmTryCompileExec3469921416.dir\Debug\".
  Creating directory "D:\obs\build5\CMakeFiles\CMakeTmp\Debug\".
  Creating directory "cmTryCompileExec3469921416.dir\Debug\cmTryCom.918588A1.tlog\".
InitializeBuildStatus:
  Creating "cmTryCompileExec3469921416.dir\Debug\cmTryCom.918588A1.tlog\unsuccessfulbuild" because "AlwaysCreate" was specified.
ClCompile:
  C:\Program Files (x86)\Microsoft Visual Studio 12.0\VC\bin\x86_amd64\CL.exe /c /Zi /W3 /WX- /Od /Ob0 /D WIN32 /D _WINDOWS /D CHECK_FUNCTION_EXISTS=snprintf /D _DEBUG /D "CMAKE_INTDIR=\"Debug\"" /D _MBCS /Gm- /RTC1 /MDd /GS /fp:precise /Zc:wchar_t /Zc:forScope /Fo"cmTryCompileExec3469921416.dir\Debug\\" /Fd"cmTryCompileExec3469921416.dir\Debug\vc120.pdb" /Gd /TC /errorReport:queue "C:\Program Files (x86)\CMake\share\cmake-3.1\Modules\CheckFunctionExists.c"
  Microsoft (R) C/C++ Optimizing Compiler Version 18.00.30723 for x64
  Copyright (C) Microsoft Corporation.  All rights reserved.
  
  cl /c /Zi /W3 /WX- /Od /Ob0 /D WIN32 /D _WINDOWS /D CHECK_FUNCTION_EXISTS=snprintf /D _DEBUG /D "CMAKE_INTDIR=\"Debug\"" /D _MBCS /Gm- /RTC1 /MDd /GS /fp:precise /Zc:wchar_t /Zc:forScope /Fo"cmTryCompileExec3469921416.dir\Debug\\" /Fd"cmTryCompileExec3469921416.dir\Debug\vc120.pdb" /Gd /TC /errorReport:queue "C:\Program Files (x86)\CMake\share\cmake-3.1\Modules\CheckFunctionExists.c"
  CheckFunctionExists.c
  
Link:
  C:\Program Files (x86)\Microsoft Visual Studio 12.0\VC\bin\x86_amd64\link.exe /ERRORREPORT:QUEUE /OUT:"D:\obs\build5\CMakeFiles\CMakeTmp\Debug\cmTryCompileExec3469921416.exe" /INCREMENTAL /NOLOGO kernel32.lib user32.lib gdi32.lib winspool.lib shell32.lib ole32.lib oleaut32.lib uuid.lib comdlg32.lib advapi32.lib /MANIFEST /MANIFESTUAC:"level='asInvoker' uiAccess='false'" /manifest:embed /DEBUG /PDB:"D:/obs/build5/CMakeFiles/CMakeTmp/Debug/cmTryCompileExec3469921416.pdb" /SUBSYSTEM:CONSOLE /TLBID:1 /DYNAMICBASE /NXCOMPAT /IMPLIB:"D:/obs/build5/CMakeFiles/CMakeTmp/Debug/cmTryCompileExec3469921416.lib" /MACHINE:X64  /machine:x64 /debug cmTryCompileExec3469921416.dir\Debug\CheckFunctionExists.obj
CheckFunctionExists.obj : error LNK2019: unresolved external symbol snprintf referenced in function main [D:\obs\build5\CMakeFiles\CMakeTmp\cmTryCompileExec3469921416.vcxproj]
D:\obs\build5\CMakeFiles\CMakeTmp\Debug\cmTryCompileExec3469921416.exe : fatal error LNK1120: 1 unresolved externals [D:\obs\build5\CMakeFiles\CMakeTmp\cmTryCompileExec3469921416.vcxproj]
Done Building Project "D:\obs\build5\CMakeFiles\CMakeTmp\cmTryCompileExec3469921416.vcxproj" (default targets) -- FAILED.

Build FAILED.

"D:\obs\build5\CMakeFiles\CMakeTmp\cmTryCompileExec3469921416.vcxproj" (default target) (1) ->
(Link target) -> 
  CheckFunctionExists.obj : error LNK2019: unresolved external symbol snprintf referenced in function main [D:\obs\build5\CMakeFiles\CMakeTmp\cmTryCompileExec3469921416.vcxproj]
  D:\obs\build5\CMakeFiles\CMakeTmp\Debug\cmTryCompileExec3469921416.exe : fatal error LNK1120: 1 unresolved externals [D:\obs\build5\CMakeFiles\CMakeTmp\cmTryCompileExec3469921416.vcxproj]

    0 Warning(s)
    2 Error(s)

Time Elapsed 00:00:00.82


Determining if files pthread.h exist failed with the following output:
Change Dir: D:/obs/build5/CMakeFiles/CMakeTmp

Run Build Command:"C:/Program Files (x86)/MSBuild/12.0/bin/MSBuild.exe" "cmTryCompileExec3766907360.vcxproj" "/p:Configuration=Debug" "/p:VisualStudioVersion=12.0"
Microsoft (R) Build Engine version 12.0.30723.0
[Microsoft .NET Framework, version 4.0.30319.34014]
Copyright (C) Microsoft Corporation. All rights reserved.

Build started 11/23/2014 4:39:27 AM.
Project "D:\obs\build5\CMakeFiles\CMakeTmp\cmTryCompileExec3766907360.vcxproj" on node 1 (default targets).
PrepareForBuild:
  Creating directory "cmTryCompileExec3766907360.dir\Debug\".
  Creating directory "D:\obs\build5\CMakeFiles\CMakeTmp\Debug\".
  Creating directory "cmTryCompileExec3766907360.dir\Debug\cmTryCom.7E9A6A5F.tlog\".
InitializeBuildStatus:
  Creating "cmTryCompileExec3766907360.dir\Debug\cmTryCom.7E9A6A5F.tlog\unsuccessfulbuild" because "AlwaysCreate" was specified.
ClCompile:
  C:\Program Files (x86)\Microsoft Visual Studio 12.0\VC\bin\x86_amd64\CL.exe /c /Zi /W3 /WX- /Od /Ob0 /D WIN32 /D _WINDOWS /D _DEBUG /D "CMAKE_INTDIR=\"Debug\"" /D _MBCS /Gm- /RTC1 /MDd /GS /fp:precise /Zc:wchar_t /Zc:forScope /Fo"cmTryCompileExec3766907360.dir\Debug\\" /Fd"cmTryCompileExec3766907360.dir\Debug\vc120.pdb" /Gd /TC /errorReport:queue D:\obs\build5\CMakeFiles\CMakeTmp\CheckIncludeFiles.c
  Microsoft (R) C/C++ Optimizing Compiler Version 18.00.30723 for x64
  Copyright (C) Microsoft Corporation.  All rights reserved.
  
  cl /c /Zi /W3 /WX- /Od /Ob0 /D WIN32 /D _WINDOWS /D _DEBUG /D "CMAKE_INTDIR=\"Debug\"" /D _MBCS /Gm- /RTC1 /MDd /GS /fp:precise /Zc:wchar_t /Zc:forScope /Fo"cmTryCompileExec3766907360.dir\Debug\\" /Fd"cmTryCompileExec3766907360.dir\Debug\vc120.pdb" /Gd /TC /errorReport:queue D:\obs\build5\CMakeFiles\CMakeTmp\CheckIncludeFiles.c
  CheckIncludeFiles.c
  
D:\obs\build5\CMakeFiles\CMakeTmp\CheckIncludeFiles.c(2): fatal error C1083: Cannot open include file: 'pthread.h': No such file or directory [D:\obs\build5\CMakeFiles\CMakeTmp\cmTryCompileExec3766907360.vcxproj]
Done Building Project "D:\obs\build5\CMakeFiles\CMakeTmp\cmTryCompileExec3766907360.vcxproj" (default targets) -- FAILED.

Build FAILED.

"D:\obs\build5\CMakeFiles\CMakeTmp\cmTryCompileExec3766907360.vcxproj" (default target) (1) ->
(ClCompile target) -> 
  D:\obs\build5\CMakeFiles\CMakeTmp\CheckIncludeFiles.c(2): fatal error C1083: Cannot open include file: 'pthread.h': No such file or directory [D:\obs\build5\CMakeFiles\CMakeTmp\cmTryCompileExec3766907360.vcxproj]

    0 Warning(s)
    1 Error(s)

Time Elapsed 00:00:00.77

Source:
/* */
#include <pthread.h>


int main(void){return 0;}

